Boots, reixs.log, Fri, Nov 30, 200712:01:19 PM
met version	log version	filename	comment	date	time	main detector name	type	gain/count1	x10/na	rise/count1	izero detector name	type	gain/count2	x10/na	rise/count2	scan type		scan(s)	grating	slit gap	slit offset	filter 1	filter 2	samples/pt	presample delay	stage	mono	m unit	sample	s unit	tilt	t unit	azimuth	a unit	detector	d unit	x	x unit	y	y unit	z	z uni
2005b0002	1.00	grat000000.dat	si edge	Fri, Nov 30, 2007	01:05:16 PM	wire	analog	8	F	30 msec	m3 mirror	analog	9	F	300 msec	1 axis		200	39.9	-0.2	Si	empty	2	50	stage1	12.4782	nm	4.0000	deg	0.0000	deg	0.0000	deg	0.0000	deg	0.0020	mm	0.0213	mm	-8.0012	mm
2005b0002	1.00	grat000001.dat	si edge	Fri, Nov 30, 2007	01:06:49 PM	wire	analog	8	F	30 msec	m3 mirror	analog	9	F	300 msec	1 axis		200	40.6	0.1	Si	empty	2	50	stage1	12.4809	nm	0.0000	deg	0.0000	deg	0.0000	deg	0.0000	deg	0.0020	mm	0.0167	mm	-8.0002	mm
2005b0002	1.00	grat000002.dat	si edge	Fri, Nov 30, 2007	01:07:19 PM	wire	analog	8	F	30 msec	m3 mirror	analog	9	F	300 msec	1 axis		200	40.5	0.1	Si	empty	2	50	stage1	13.0010	nm	0.0000	deg	0.0000	deg	0.0000	deg	0.0000	deg	0.0020	mm	0.0182	mm	-7.9992	mm
2005b0002	1.00	grat000003.dat	si edge	Fri, Nov 30, 2007	01:10:24 PM	wire	analog	8	F	30 msec	m3 mirror	analog	9	F	300 msec	1 axis		200	40.6	0.2	Si	empty	2	50	stage1	12.4783	nm	0.0000	deg	0.0000	deg	0.0000	deg	0.0000	deg	0.0020	mm	0.0152	mm	-8.0009	mm
2005b0002	1.00	grat000004.dat	si edge	Fri, Nov 30, 2007	01:10:37 PM	wire	analog	7	F	30 msec	m3 mirror	analog	9	F	300 msec	1 axis		200	40.5	0.1	Si	empty	2	50	stage1	12.4783	nm	0.0000	deg	0.0000	deg	0.0000	deg	0.0000	deg	0.0020	mm	0.0182	mm	-8.0009	mm
2005b0002	1.00	grat000005.dat	si edge	Fri, Nov 30, 2007	01:11:01 PM	wire	analog	7	F	30 msec	m3 mirror	analog	9	F	300 msec	1 axis		200	40.6	0.1	Si	empty	2	50	stage1	12.4784	nm	0.0000	deg	0.0000	deg	0.0000	deg	0.0000	deg	0.0020	mm	0.0167	mm	-8.0012	mm
2005b0002	1.00	grat000006.dat	direct	Fri, Nov 30, 2007	01:12:31 PM	wire	analog	8	F	30 msec	m3 mirror	analog	9	F	300 msec	1 axis		200	40.7	0.2	Be	empty	2	50	stage1	15.0036	nm	0.0000	deg	0.0000	deg	0.0000	deg	0.0000	deg	0.0020	mm	0.0167	mm	-8.0005	mm
2005b0002	1.00	grat000007.dat	dark	Fri, Nov 30, 2007	01:13:46 PM	wire	analog	8	F	30 msec	m3 mirror	analog	9	F	300 msec	1 axis		200	40.7	0.2	Be	phosphor	2	50	stage1	15.0036	nm	0.0000	deg	0.0000	deg	0.0000	deg	0.0000	deg	0.0020	mm	0.0182	mm	-8.0009	mm
2005b0002	1.00	grat000008.dat	LEG: 13.4nm det scan	Fri, Nov 30, 2007	01:15:12 PM	wire	analog	8	F	30 msec	m3 mirror	analog	9	F	300 msec	1 axis		200	40.5	0.1	Be	empty	2	50	stage1	13.3999	nm	4.0000	deg	0.0000	deg	0.0000	deg	16.0025	deg	0.0020	mm	0.0167	mm	-0.0021	mm
2005b0002	1.00	grat000009.dat	LEG: 1st order (11-15nm)	Fri, Nov 30, 2007	01:16:50 PM	wire	analog	8	F	30 msec	m3 mirror	analog	9	F	300 msec	script		200	40.5	0.1	Be	empty	2	50	stage1	15.0008	nm	4.0000	deg	0.0000	deg	0.0000	deg	12.6325	deg	0.0020	mm	0.0167	mm	-0.0017	mm
2005b0002	1.00	grat000010.dat	LEG: 2nd order (11-15nm)	Fri, Nov 30, 2007	01:18:08 PM	wire	analog	9	F	30 msec	m3 mirror	analog	9	F	300 msec	script		200	40.7	0.1	Be	empty	2	50	stage1	15.0007	nm	4.0000	deg	0.0000	deg	0.0000	deg	15.5425	deg	0.0020	mm	0.0213	mm	-0.0014	mm
2005b0002	1.00	grat000011.dat	dark	Fri, Nov 30, 2007	01:19:23 PM	wire	analog	9	F	30 msec	m3 mirror	analog	9	F	300 msec	script		200	40.7	0.2	Be	phosphor	2	50	stage1	15.0007	nm	4.0000	deg	0.0000	deg	0.0000	deg	15.5430	deg	0.0020	mm	0.0274	mm	-0.0007	mm
2005b0002	1.00	grat000012.dat	direct	Fri, Nov 30, 2007	01:29:03 PM	wire	analog	8	F	30 msec	m3 mirror	analog	9	F	300 msec	1 axis		200	40.9	0.3	B	empty	2	50	stage1	12.0020	nm	0.0000	deg	0.0000	deg	0.0000	deg	0.0000	deg	0.0020	mm	0.0167	mm	-8.0057	mm
2005b0002	1.00	grat000013.dat	LEG: 10nm det scan	Fri, Nov 30, 2007	01:30:13 PM	wire	analog	8	F	30 msec	m3 mirror	analog	9	F	300 msec	1 axis		200	40.6	0.1	B	empty	2	50	stage1	9.9999	nm	4.0000	deg	0.0000	deg	0.0000	deg	16.0020	deg	0.0020	mm	0.0228	mm	-0.0017	mm
2005b0002	1.00	grat000014.dat	LEG: 1st order 8-12nm	Fri, Nov 30, 2007	01:31:34 PM	wire	analog	8	F	30 msec	m3 mirror	analog	9	F	300 msec	script		200	40.6	0.1	B	empty	2	50	stage1	12.0006	nm	4.0000	deg	0.0000	deg	0.0000	deg	11.9280	deg	0.0020	mm	0.0198	mm	-0.0017	mm
2005b0002	1.00	grat000015.dat	LEG: 2nm order 8-12nm	Fri, Nov 30, 2007	01:32:18 PM	wire	analog	9	F	30 msec	m3 mirror	analog	9	F	300 msec	script		200	39.9	-0.2	B	empty	2	50	stage1	9.1204	nm	4.0000	deg	0.0000	deg	0.0000	deg	13.3400	deg	0.0020	mm	0.0137	mm	-0.0024	mm
2005b0002	1.00	grat000016.dat	LEG: 2nm order 8-12nm	Fri, Nov 30, 2007	01:33:16 PM	wire	analog	8	F	30 msec	m3 mirror	analog	9	F	300 msec	script		200	40.5	0.1	B	empty	2	50	stage1	12.0006	nm	4.0000	deg	0.0000	deg	0.0000	deg	14.4765	deg	0.0020	mm	0.0167	mm	-0.0021	mm
2005b0002	1.00	grat000017.dat	B edge	Fri, Nov 30, 2007	01:45:33 PM	wire	analog	8	F	30 msec	m3 mirror	analog	9	F	300 msec	1 axis		600	40.6	0.1	B	empty	2	50	stage1	6.7002	nm	0.0000	deg	0.0000	deg	0.0000	deg	0.0000	deg	0.0020	mm	0.0182	mm	-8.0053	mm
2005b0002	1.00	grat000018.dat	direct	Fri, Nov 30, 2007	01:49:05 PM	wire	analog	8	F	30 msec	m3 mirror	analog	9	F	300 msec	1 axis		600	41.1	0.4	B	empty	2	50	stage1	8.8009	nm	0.0000	deg	0.0000	deg	0.0000	deg	0.0000	deg	0.0020	mm	0.0137	mm	-8.0064	mm
2005b0002	1.00	grat000019.dat	LEG: 7.7nm det scan	Fri, Nov 30, 2007	01:50:27 PM	wire	analog	8	F	30 msec	m3 mirror	analog	9	F	300 msec	1 axis		600	41.4	0.5	B	empty	2	50	stage1	7.7000	nm	4.0000	deg	0.0000	deg	0.0000	deg	16.0020	deg	0.0020	mm	0.0167	mm	-0.0027	mm
2005b0002	1.00	grat000020.dat	LEG: 1st order 6.6-8.8nm	Fri, Nov 30, 2007	01:51:17 PM	wire	analog	8	F	30 msec	m3 mirror	analog	9	F	300 msec	script		600	40.7	0.1	B	empty	2	50	stage1	6.7762	nm	4.0000	deg	0.0000	deg	0.0000	deg	10.5150	deg	0.0020	mm	0.0167	mm	-0.0024	mm
2005b0002	1.00	grat000021.dat	LEG: 1st order 6.6-8.8nm	Fri, Nov 30, 2007	01:52:17 PM	wire	analog	9	F	30 msec	m3 mirror	analog	9	F	300 msec	script		600	40.8	0.2	B	empty	2	50	stage1	8.8002	nm	4.0000	deg	0.0000	deg	0.0000	deg	11.0955	deg	0.0020	mm	0.0167	mm	-0.0024	mm
2005b0002	1.00	grat000022.dat	LEG: 2nd order 6.6-8.8nm	Fri, Nov 30, 2007	01:53:30 PM	wire	analog	9	F	30 msec	m3 mirror	analog	9	F	300 msec	script		600	40.6	0.1	B	empty	2	50	stage1	8.8002	nm	4.0000	deg	0.0000	deg	0.0000	deg	13.2050	deg	0.0020	mm	0.0152	mm	-0.0017	mm
2005b0002	1.00	grat000023.dat	LEG: 2nd order 6.6-8.8nm	Fri, Nov 30, 2007	02:03:28 PM	wire	analog	9	F	30 msec	m3 mirror	analog	9	F	300 msec	script		600	40.6	0.1	B	empty	2	50	stage1	8.8002	nm	4.0000	deg	0.0000	deg	0.0000	deg	13.2050	deg	0.0020	mm	0.0213	mm	-0.0034	mm
2005b0002	1.00	grat000024.dat	direct	Fri, Nov 30, 2007	02:09:27 PM	wire	analog	8	F	30 msec	m3 mirror	analog	9	F	300 msec	1 axis		600	41.1	0.3	C	empty	2	50	stage1	6.8006	nm	0.0000	deg	0.0000	deg	0.0000	deg	0.0000	deg	0.0020	mm	0.0213	mm	-8.0022	mm
2005b0002	1.00	grat000025.dat	LEG: 5.19nm det scat	Fri, Nov 30, 2007	02:10:40 PM	wire	analog	8	F	30 msec	m3 mirror	analog	9	F	300 msec	1 axis		600	40.6	0.1	C	empty	2	50	stage1	5.1900	nm	4.0000	deg	0.0000	deg	0.0000	deg	16.0015	deg	0.0020	mm	0.0167	mm	-0.0031	mm
2005b0002	1.00	grat000026.dat	LEG: 1st order 	Fri, Nov 30, 2007	02:14:21 PM	wire	analog	9	F	30 msec	m3 mirror	analog	9	F	300 msec	script		600	40.5	0.1	C	empty	2	50	stage1	4.4999	nm	4.0000	deg	0.0000	deg	0.0000	deg	9.7910	deg	0.0020	mm	0.0106	mm	-0.0031	mm
2005b0002	1.00	grat000027.dat	LEG: 2st order 	Fri, Nov 30, 2007	02:19:08 PM	wire	analog	9	F	30 msec	m3 mirror	analog	9	F	300 msec	script		600	40.8	0.2	C	empty	2	50	stage1	4.4999	nm	4.0000	deg	0.0000	deg	0.0000	deg	11.1470	deg	0.0020	mm	0.0167	mm	-0.0038	mm
2005b0002	1.00	grat000028.dat	LEG: 1st order 	Fri, Nov 30, 2007	02:24:16 PM	wire	analog	9	F	30 msec	m3 mirror	analog	9	F	300 msec	script		600	40.6	0.1	C	empty	2	50	stage1	4.6381	nm	4.0000	deg	0.0000	deg	0.0000	deg	9.8370	deg	0.0020	mm	0.0167	mm	-0.0021	mm
2005b0002	1.00	grat000029.dat	LEG: 1st order 	Fri, Nov 30, 2007	02:26:08 PM	wire	analog	9	F	30 msec	m3 mirror	analog	9	F	300 msec	script		600	41.1	0.3	C	empty	2	50	stage1	6.8002	nm	4.0000	deg	0.0000	deg	0.0000	deg	10.5220	deg	0.0020	mm	0.0243	mm	-0.0031	mm
2005b0002	1.00	grat000030.dat	LEG: 2st order 	Fri, Nov 30, 2007	02:28:15 PM	wire	analog	9	F	30 msec	m3 mirror	analog	9	F	300 msec	script		600	41.1	0.3	C	empty	2	50	stage1	6.8002	nm	4.0000	deg	0.0000	deg	0.0000	deg	12.3080	deg	0.0020	mm	0.0213	mm	-0.0021	mm
2005b0002	1.00	grat000031.dat	direct	Fri, Nov 30, 2007	02:30:20 PM	wire	analog	8	F	30 msec	m3 mirror	analog	9	F	300 msec	1 axis		600	40.5	0.1	C	empty	2	50	stage1	6.8007	nm	0.0000	deg	0.0000	deg	0.0000	deg	0.0000	deg	0.0020	mm	0.0304	mm	-8.0019	mm
2005b0002	1.00	grat000032.dat	direct	Fri, Nov 30, 2007	03:11:55 PM	wire	analog	8	F	30 msec	m3 mirror	analog	9	F	300 msec	1 axis		600	40.8	0.2	empty	empty	2	50	stage1	6.8006	nm	0.0000	deg	0.0000	deg	0.0000	deg	0.0000	deg	-41.5050	mm	0.0395	mm	-8.0046	mm
2005b0002	1.00	grat000033.dat	direct	Fri, Nov 30, 2007	03:15:41 PM	wire	analog	8	F	30 msec	m3 mirror	analog	9	F	300 msec	1 axis		600	41.1	0.3	C	empty	2	50	stage1	6.8006	nm	0.0000	deg	0.0000	deg	0.0000	deg	0.0000	deg	-41.5050	mm	0.0380	mm	-8.0029	mm
2005b0002	1.00	grat000034.dat	IMD:  5.19nm det scan	Fri, Nov 30, 2007	03:16:39 PM	wire	analog	8	F	30 msec	m3 mirror	analog	9	F	300 msec	1 axis		600	40.6	0.1	C	empty	2	50	stage1	5.1900	nm	3.0000	deg	0.0000	deg	0.0000	deg	11.0105	deg	-41.5050	mm	0.0213	mm	-0.0082	mm
2005b0002	1.00	grat000035.dat	IMD:  5.19nm det scan	Fri, Nov 30, 2007	03:17:50 PM	wire	analog	8	F	30 msec	m3 mirror	analog	9	F	300 msec	1 axis		600	40.6	0.1	C	empty	2	50	stage1	5.1900	nm	3.0000	deg	0.0000	deg	0.0000	deg	15.0015	deg	-41.5050	mm	0.0182	mm	-0.0065	mm
2005b0002	1.00	grat000036.dat	IMD:  1st order	Fri, Nov 30, 2007	03:20:07 PM	wire	analog	9	F	30 msec	m3 mirror	analog	9	F	300 msec	script		600	40.8	0.2	C	empty	2	50	stage1	6.8002	nm	3.0000	deg	0.0000	deg	0.0000	deg	9.9960	deg	-41.5050	mm	0.0259	mm	-0.0072	mm
2005b0002	1.00	grat000037.dat	IMD:  2nd order	Fri, Nov 30, 2007	03:22:43 PM	wire	analog	9	F	30 msec	m3 mirror	analog	9	F	300 msec	script		600	40.8	0.2	C	empty	2	50	stage1	6.8002	nm	3.0000	deg	0.0000	deg	0.0000	deg	12.4320	deg	-41.5050	mm	0.0243	mm	-0.0069	mm
2005b0002	1.00	grat000038.dat	direct	Fri, Nov 30, 2007	03:24:56 PM	wire	analog	9	F	30 msec	m3 mirror	analog	9	F	300 msec	1 axis		600	40.5	0.1	Ti	empty	2	50	stage1	4.7704	nm	0.0000	deg	0.0000	deg	0.0000	deg	0.0000	deg	-41.5050	mm	0.0350	mm	-8.0060	mm
2005b0002	1.00	grat000039.dat	IMD: det scan 2.75nm	Fri, Nov 30, 2007	03:27:49 PM	wire	analog	9	F	30 msec	m3 mirror	analog	9	F	300 msec	1 axis		600	40.5	0.0	Ti	empty	2	50	stage1	3.7500	nm	3.0000	deg	0.0000	deg	0.0000	deg	15.0015	deg	-41.5050	mm	0.0243	mm	-0.0075	mm
2005b0002	1.00	grat000040.dat	IMD: 1st order	Fri, Nov 30, 2007	03:32:39 PM	wire	analog	9	F	30 msec	m3 mirror	analog	9	F	300 msec	script		600	41.1	0.4	Ti	empty	2	50	stage1	4.7701	nm	3.0000	deg	0.0000	deg	0.0000	deg	9.0810	deg	-41.5050	mm	0.0243	mm	-0.0072	mm
2005b0002	1.00	grat000041.dat	IMD: 2nd order	Fri, Nov 30, 2007	03:36:57 PM	wire	analog	9	F	30 msec	m3 mirror	analog	9	F	300 msec	script		600	40.8	0.2	Ti	empty	2	50	stage1	4.7701	nm	3.0000	deg	0.0000	deg	0.0000	deg	11.0605	deg	-41.5050	mm	0.0243	mm	-0.0065	mm
2005b0002	1.00	grat000042.dat	direct	Fri, Nov 30, 2007	03:41:29 PM	wire	analog	8	F	30 msec	m3 mirror	analog	9	F	300 msec	1 axis		600	41.1	0.3	Ti	empty	2	50	stage1	4.7704	nm	0.0000	deg	0.0000	deg	0.0000	deg	0.0000	deg	-41.5050	mm	0.0380	mm	-8.0060	mm
2005b0002	1.00	grat000043.dat	IMD det scan	Fri, Nov 30, 2007	03:43:03 PM	wire	analog	8	F	30 msec	m3 mirror	analog	9	F	300 msec	1 axis		600	40.6	0.1	Ti	empty	2	50	stage1	3.7500	nm	3.0000	deg	0.0000	deg	0.0000	deg	15.0015	deg	-41.5050	mm	0.0213	mm	-0.0075	mm
2005b0002	1.00	grat000044.dat	IMD 1st order	Fri, Nov 30, 2007	03:47:42 PM	wire	analog	9	F	30 msec	m3 mirror	analog	9	F	300 msec	script		600	41.1	0.3	Ti	empty	2	50	stage1	4.7700	nm	3.0000	deg	0.0000	deg	0.0000	deg	9.0810	deg	-41.5050	mm	0.0259	mm	-0.0079	mm
2005b0002	1.00	grat000045.dat	IMD 2nd order	Fri, Nov 30, 2007	03:51:28 PM	wire	analog	9	F	30 msec	m3 mirror	analog	9	F	300 msec	script		600	41.0	0.3	Ti	empty	2	50	stage1	4.7701	nm	3.0000	deg	0.0000	deg	0.0000	deg	11.0605	deg	-41.5050	mm	0.0319	mm	-0.0072	mm
2005b0002	1.00	grat000046.dat	direct	Fri, Nov 30, 2007	03:54:26 PM	wire	analog	9	F	30 msec	m3 mirror	analog	9	F	300 msec	1 axis		600	41.2	0.3	Ti	empty	2	50	stage1	6.8006	nm	3.0000	deg	0.0000	deg	0.0000	deg	0.0000	deg	-41.5050	mm	0.0395	mm	-8.0050	mm
2005b0002	1.00	grat000047.dat	direct	Fri, Nov 30, 2007	03:57:24 PM	wire	analog	8	F	30 msec	m3 mirror	analog	9	F	300 msec	1 axis		600	41.1	0.3	C	empty	2	50	stage1	6.8006	nm	0.0000	deg	0.0000	deg	0.0000	deg	0.0000	deg	-41.5050	mm	0.0335	mm	-8.0064	mm
2005b0002	1.00	grat000048.dat	IMD m = 1	Fri, Nov 30, 2007	03:58:39 PM	ccd	analog	7	F	30 msec	m3 mirror	analog	9	F	300 msec	script		600	40.6	0.1	C	empty	2	50	stage1	4.7302	nm	3.0000	deg	0.0000	deg	0.0000	deg	9.0660	deg	-41.5050	mm	0.0304	mm	-0.0072	mm
2005b0002	1.00	grat000049.dat	IMD m = 1	Fri, Nov 30, 2007	04:00:34 PM	wire	analog	9	F	30 msec	m3 mirror	analog	9	F	300 msec	script		600	41.2	0.3	C	empty	2	50	stage1	6.8002	nm	3.0000	deg	0.0000	deg	0.0000	deg	9.9960	deg	-41.5050	mm	0.0335	mm	-0.0062	mm
2005b0002	1.00	grat000050.dat	IMD m = 2	Fri, Nov 30, 2007	04:02:31 PM	wire	analog	9	F	30 msec	m3 mirror	analog	9	F	300 msec	script		600	40.8	0.2	C	empty	2	50	stage1	6.8001	nm	3.0000	deg	0.0000	deg	0.0000	deg	12.4320	deg	-41.5050	mm	0.0350	mm	-0.0069	mm
2005b0002	1.00	grat000051.dat	direct	Fri, Nov 30, 2007	04:05:32 PM	wire	analog	8	F	30 msec	m3 mirror	analog	9	F	300 msec	1 axis		600	40.8	0.2	empty	empty	2	50	stage1	8.8009	nm	0.0000	deg	0.0000	deg	0.0000	deg	0.0000	deg	-41.5050	mm	0.0319	mm	-8.0050	mm
2005b0002	1.00	grat000052.dat	IMD m = 1	Fri, Nov 30, 2007	04:08:09 PM	wire	analog	8	F	30 msec	m3 mirror	analog	9	F	300 msec	script		600	40.8	0.2	B	empty	2	50	stage1	8.8002	nm	3.0000	deg	0.0000	deg	0.0000	deg	10.7915	deg	-41.5050	mm	0.0319	mm	-0.0072	mm
2005b0002	1.00	grat000053.dat	direct	Fri, Nov 30, 2007	04:12:19 PM	wire	analog	8	F	30 msec	m3 mirror	analog	9	F	300 msec	1 axis		600	41.2	0.3	B	empty	2	50	stage1	8.8009	nm	0.0000	deg	0.0000	deg	0.0000	deg	0.0000	deg	-41.5050	mm	0.0319	mm	-8.0053	mm
2005b0002	1.00	grat000054.dat	direct	Fri, Nov 30, 2007	04:17:18 PM	wire	analog	8	F	30 msec	m3 mirror	analog	9	F	300 msec	1 axis		1200	41.0	0.3	Cr	empty	2	50	stage1	2.8102	nm	0.0000	deg	0.0000	deg	0.0000	deg	0.0000	deg	-41.5050	mm	0.0426	mm	-8.0040	mm
2005b0002	1.00	grat000055.dat	cr edge	Fri, Nov 30, 2007	04:18:22 PM	wire	analog	8	F	30 msec	m3 mirror	analog	9	F	300 msec	1 axis		1200	40.1	-0.2	Cr	empty	2	50	stage1	2.2002	nm	0.0000	deg	0.0000	deg	0.0000	deg	0.0000	deg	-41.5050	mm	0.0426	mm	-8.0050	mm
2005b0002	1.00	grat000056.dat	IMD	Fri, Nov 30, 2007	04:22:12 PM	wire	analog	8	F	30 msec	m3 mirror	analog	9	F	300 msec	script		1200	41.0	0.3	Cr	empty	2	50	stage1	2.8100	nm	3.0000	deg	0.0000	deg	0.0000	deg	8.0415	deg	-41.5050	mm	0.0289	mm	-0.0072	mm
2005b0002	1.00	grat000057.dat	IMD m = 2	Fri, Nov 30, 2007	04:24:49 PM	wire	analog	8	F	30 msec	m3 mirror	analog	9	F	300 msec	script		1200	40.9	0.2	Cr	empty	2	50	stage1	2.8101	nm	3.0000	deg	0.0000	deg	0.0000	deg	9.4785	deg	-41.5050	mm	0.0274	mm	-0.0069	mm
2005b0002	1.00	grat000058.dat	direct	Fri, Nov 30, 2007	04:30:00 PM	wire	analog	8	F	30 msec	m3 mirror	analog	9	F	300 msec	1 axis		1200	41.2	0.3	Co	empty	2	50	stage1	2.2101	nm	0.0000	deg	0.0000	deg	0.0000	deg	0.0000	deg	-41.5050	mm	0.0061	mm	-8.0043	mm
2005b0002	1.00	grat000059.dat	IMD m = 1	Fri, Nov 30, 2007	04:35:13 PM	wire	analog	9	F	30 msec	m3 mirror	analog	9	F	300 msec	script		1200	41.2	0.4	Co	empty	2	50	stage1	2.2100	nm	3.0000	deg	0.0000	deg	0.0000	deg	7.6890	deg	-41.5050	mm	0.0228	mm	-0.0075	mm
2005b0002	1.00	grat000060.dat	IMD m = 2	Fri, Nov 30, 2007	04:40:58 PM	wire	analog	9	F	30 msec	m3 mirror	analog	9	F	300 msec	script		1200	41.2	0.3	Co	empty	2	50	stage1	2.2101	nm	3.0000	deg	0.0000	deg	0.0000	deg	8.9125	deg	-41.5050	mm	0.0289	mm	-0.0069	mm
2005b0002	1.00	grat000061.dat	direct	Fri, Nov 30, 2007	04:48:43 PM	wire	analog	8	F	30 msec	m3 mirror	analog	9	F	300 msec	1 axis		1200	41.5	0.5	Co	empty	2	50	stage1	2.2803	nm	0.0000	deg	0.0000	deg	0.0000	deg	0.0000	deg	-41.5050	mm	0.0122	mm	-8.0053	mm
2005b0002	1.00	grat000062.dat	IMD m = 1	Fri, Nov 30, 2007	04:49:41 PM	wire	analog	8	F	30 msec	m3 mirror	analog	9	F	300 msec	script		1200	40.8	0.2	Co	empty	2	50	stage1	2.2801	nm	3.0000	deg	0.0000	deg	0.0000	deg	7.7285	deg	-41.5050	mm	0.0182	mm	-0.0082	mm
2005b0002	1.00	grat000063.dat	IMD m = 2	Fri, Nov 30, 2007	04:50:01 PM	wire	analog	9	F	30 msec	m3 mirror	analog	9	F	300 msec	script		1200	41.1	0.3	Co	empty	2	50	stage1	2.2800	nm	3.0000	deg	0.0000	deg	0.0000	deg	8.9785	deg	-41.5050	mm	0.0243	mm	-0.0075	mm
2005b0002	1.00	grat000064.dat	direct	Fri, Nov 30, 2007	04:52:38 PM	wire	analog	9	F	30 msec	m3 mirror	analog	9	F	300 msec	1 axis		1200	40.1	-0.1	Cu	empty	2	50	stage1	1.6502	nm	0.0000	deg	0.0000	deg	0.0000	deg	0.0000	deg	-41.5050	mm	0.0441	mm	-8.0050	mm
2005b0002	1.00	grat000065.dat	direct	Fri, Nov 30, 2007	04:53:02 PM	wire	analog	8	F	30 msec	m3 mirror	analog	9	F	300 msec	1 axis		1200	41.2	0.4	Cu	empty	2	50	stage1	1.6502	nm	0.0000	deg	0.0000	deg	0.0000	deg	0.0000	deg	-41.5050	mm	0.0380	mm	-8.0057	mm
2005b0002	1.00	grat000066.dat	IMD m = 1	Fri, Nov 30, 2007	04:58:24 PM	wire	analog	9	F	30 msec	m3 mirror	analog	9	F	300 msec	script		1200	40.8	0.1	Cu	empty	2	50	stage1	1.3300	nm	3.0000	deg	0.0000	deg	0.0000	deg	7.0990	deg	-41.5050	mm	0.0213	mm	-0.0079	mm
2005b0002	1.00	grat000067.dat		Fri, Nov 30, 2007	05:52:26 PM	wire	analog	7	F	30 msec	m3 mirror	analog	9	F	300 msec	1 axis		200	40.7	0.1	Si	empty	2	50	stage1	12.4783	nm	0.0000	deg	0.0000	deg	0.0000	deg	0.0000	deg	-41.5050	mm	0.0365	mm	-8.0046	mm
2005b0002	1.00	grat000068.dat	direct beam	Fri, Nov 30, 2007	05:54:51 PM	wire	analog	8	F	30 msec	m3 mirror	analog	9	F	300 msec	1 axis		200	40.5	0.0	B	empty	2	50	stage1	11.6018	nm	0.0000	deg	0.0000	deg	0.0000	deg	0.0000	deg	-41.5050	mm	0.0380	mm	-8.0050	mm
2005b0002	1.00	grat000069.dat	IMD	Fri, Nov 30, 2007	05:57:00 PM	wire	analog	9	F	30 msec	m3 mirror	analog	9	F	300 msec	script		200	40.6	0.1	B	empty	2	50	stage1	11.6004	nm	3.0000	deg	0.0000	deg	0.0000	deg	11.7860	deg	-41.5050	mm	0.0228	mm	-0.0010	mm
2005b0002	1.00	grat000070.dat	dorect	Fri, Nov 30, 2007	05:59:27 PM	wire	analog	8	F	30 msec	m3 mirror	analog	9	F	300 msec	1 axis		200	41.1	0.4	Be	empty	2	50	stage1	13.9027	nm	0.0000	deg	0.0000	deg	0.0000	deg	0.0000	deg	-41.5050	mm	0.0304	mm	-8.0053	mm
2005b0002	1.00	grat000071.dat	IMD	Fri, Nov 30, 2007	06:00:44 PM	wire	analog	9	F	30 msec	m3 mirror	analog	9	F	300 msec	script		200	40.5	0.1	Be	empty	2	50	stage1	13.9006	nm	3.0000	deg	0.0000	deg	0.0000	deg	12.5250	deg	-41.5050	mm	0.0274	mm	-0.0014	mm
2005b0002	1.00	grat000072.dat	IMD	Fri, Nov 30, 2007	06:03:38 PM	wire	analog	9	F	30 msec	m3 mirror	analog	9	F	300 msec	script		200	40.9	0.2	Be	empty	2	50	stage1	13.9007	nm	3.0000	deg	0.0000	deg	0.0000	deg	12.5250	deg	-41.5050	mm	0.0289	mm	-0.0007	mm
2005b0002	1.00	grat000073.dat	cr edge	Fri, Nov 30, 2007	07:07:26 PM	wire	analog	7	F	30 msec	m3 mirror	analog	9	F	300 msec	1 axis		1200	41.1	0.3	empty	empty	2	50	stage1	2.2002	nm	0.0000	deg	0.0000	deg	0.0000	deg	0.0000	deg	0.0070	mm	0.0198	mm	-8.0009	mm
2005b0002	1.00	grat000074.dat	cr edge	Fri, Nov 30, 2007	07:07:40 PM	wire	analog	7	F	30 msec	m3 mirror	analog	9	F	300 msec	1 axis		1200	40.9	0.2	Cr	empty	2	50	stage1	2.2002	nm	0.0000	deg	0.0000	deg	0.0000	deg	0.0000	deg	0.0070	mm	0.0198	mm	-8.0009	mm
2005b0002	1.00	grat000075.dat	direct	Fri, Nov 30, 2007	07:09:23 PM	wire	analog	8	F	30 msec	m3 mirror	analog	9	F	300 msec	1 axis		1200	40.8	0.2	Cr	empty	2	50	stage1	2.8102	nm	0.0000	deg	0.0000	deg	0.0000	deg	0.0000	deg	0.0070	mm	0.0213	mm	-8.0012	mm
2005b0002	1.00	grat000076.dat	Grating 5 m = 1 440-574eV	Fri, Nov 30, 2007	07:14:30 PM	wire	analog	8	F	30 msec	m3 mirror	analog	9	F	300 msec	script		1200	40.6	0.1	Cr	empty	2	50	stage1	2.4180	nm	2.0000	deg	0.0000	deg	0.0000	deg	7.6800	deg	0.0070	mm	0.0122	mm	-0.0075	mm
2005b0002	1.00	grat000076.dat	Grating 5 m = 1 440-574eV	Fri, Nov 30, 2007	07:17:44 PM	wire	analog	9	F	30 msec	m3 mirror	analog	9	F	300 msec	script		1200	41.4	0.5	Cr	empty	2	50	stage1	2.8100	nm	2.0000	deg	0.0000	deg	0.0000	deg	8.0720	deg	0.0070	mm	0.0213	mm	-0.0069	mm
2005b0002	1.00	grat000077.dat	Grating 5 m = 3 440-574eV	Fri, Nov 30, 2007	07:20:27 PM	wire	analog	9	F	30 msec	m3 mirror	analog	9	F	300 msec	script		1200	41.1	0.3	Cr	empty	2	50	stage1	2.8100	nm	2.0000	deg	0.0000	deg	0.0000	deg	12.1360	deg	0.0070	mm	0.0106	mm	-0.0075	mm
2005b0002	1.00	grat000078.dat	Grating 5 m = 3 440-574eV	Fri, Nov 30, 2007	07:22:26 PM	wire	analog	8	F	30 msec	m3 mirror	analog	9	F	300 msec	1 axis		1200	41.2	0.4	Co	empty	2	50	stage1	2.2802	nm	0.0000	deg	0.0000	deg	0.0000	deg	0.0000	deg	0.0070	mm	0.0182	mm	-8.0002	mm
2005b0002	1.00	grat000079.dat	Grating 5 m = 1 560-776 eV	Fri, Nov 30, 2007	07:27:42 PM	wire	analog	9	F	30 msec	m3 mirror	analog	9	F	300 msec	script		1200	40.9	0.2	Co	empty	2	50	stage1	2.2801	nm	2.0000	deg	0.0000	deg	0.0000	deg	7.5430	deg	0.0070	mm	0.0182	mm	-0.0058	mm
2005b0002	1.00	grat000080.dat	Grating 5 m = 3 560-776 eV	Fri, Nov 30, 2007	07:32:00 PM	wire	analog	9	F	30 msec	m3 mirror	analog	9	F	300 msec	script		1200	40.9	0.2	Co	empty	2	50	stage1	2.2800	nm	2.0000	deg	0.0000	deg	0.0000	deg	11.1720	deg	0.0070	mm	0.0213	mm	-0.0048	mm
2005b0002	1.00	grat000081.dat	direct	Fri, Nov 30, 2007	07:35:16 PM	wire	analog	9	F	30 msec	m3 mirror	analog	9	F	300 msec	1 axis		1200	22.7	-8.8	Cu	empty	2	50	stage1	1.6502	nm	0.0000	deg	0.0000	deg	0.0000	deg	0.0000	deg	0.0070	mm	0.0182	mm	-8.0016	mm
2005b0002	1.00	grat000082.dat	direct	Fri, Nov 30, 2007	07:35:49 PM	wire	analog	8	F	30 msec	m3 mirror	analog	9	F	300 msec	1 axis		1200	41.1	0.3	Cu	empty	2	50	stage1	1.6502	nm	0.0000	deg	0.0000	deg	0.0000	deg	0.0000	deg	0.0070	mm	0.0167	mm	-8.0016	mm
2005b0002	1.00	grat000083.dat	Grating 5 m = 1 752-932 eV	Fri, Nov 30, 2007	07:38:58 PM	wire	analog	9	F	30 msec	m3 mirror	analog	9	F	300 msec	script		1200	41.0	0.3	Cu	empty	2	50	stage1	1.6501	nm	2.0000	deg	0.0000	deg	0.0000	deg	6.8240	deg	0.0070	mm	0.0198	mm	-0.0058	mm
2005b0002	1.00	grat000084.dat	Grating 5 m = 2 752-932 eV	Fri, Nov 30, 2007	07:41:31 PM	wire	analog	9	F	30 msec	m3 mirror	analog	9	F	300 msec	script		1200	41.5	0.5	Cu	empty	2	50	stage1	1.6500	nm	2.0000	deg	0.0000	deg	0.0000	deg	9.8690	deg	0.0070	mm	0.0198	mm	-0.0058	mm
2005b0002	1.00	grat000085.dat	direct	Fri, Nov 30, 2007	07:49:02 PM	wire	analog	8	F	30 msec	m3 mirror	analog	9	F	300 msec	1 axis		1200	41.1	0.3	Cr	empty	2	50	stage1	2.8102	nm	0.0000	deg	0.0000	deg	0.0000	deg	0.0000	deg	-41.5040	mm	0.0228	mm	-8.0012	mm
2005b0002	1.00	grat000086.dat	Grating 6 det scan 2.67nm	Fri, Nov 30, 2007	07:50:29 PM	wire	analog	8	F	30 msec	m3 mirror	analog	9	F	300 msec	1 axis		1200	40.6	0.0	Cr	empty	2	50	stage1	2.6700	nm	1.7500	deg	0.0000	deg	0.0000	deg	15.0035	deg	-41.5040	mm	0.0091	mm	-0.0055	mm
2005b0002	1.00	grat000087.dat	Grating 6 m = 1  440-574eV	Fri, Nov 30, 2007	07:53:46 PM	wire	analog	9	F	30 msec	m3 mirror	analog	9	F	300 msec	script		1200	41.0	0.3	Cr	empty	2	50	stage1	2.8100	nm	1.7500	deg	0.0000	deg	0.0000	deg	8.8960	deg	-41.5040	mm	0.0167	mm	-0.0038	mm
2005b0002	1.00	grat000088.dat	Grating 6 m = 3  440-574eV	Fri, Nov 30, 2007	07:56:40 PM	wire	analog	9	F	30 msec	m3 mirror	analog	9	F	300 msec	script		1200	40.7	0.1	Cr	empty	2	50	stage1	2.8100	nm	1.7500	deg	0.0000	deg	0.0000	deg	13.8945	deg	-41.5040	mm	0.0137	mm	-0.0041	mm
2005b0002	1.00	grat000089.dat	direct	Fri, Nov 30, 2007	07:59:02 PM	wire	analog	8	F	30 msec	m3 mirror	analog	9	F	300 msec	1 axis		1200	41.2	0.3	Co	empty	2	50	stage1	2.2802	nm	0.0000	deg	0.0000	deg	0.0000	deg	0.0000	deg	-41.5040	mm	0.0122	mm	-8.0053	mm
2005b0002	1.00	grat000090.dat	Grating 6 m = 1 560-776eV	Fri, Nov 30, 2007	08:03:38 PM	wire	analog	9	F	30 msec	m3 mirror	analog	9	F	300 msec	script		1200	40.9	0.2	Co	empty	2	50	stage1	2.2800	nm	1.7500	deg	0.0000	deg	0.0000	deg	8.2295	deg	-41.5040	mm	0.0228	mm	-0.0038	mm
2005b0002	1.00	grat000091.dat	Grating 6 m = 3 560-776eV	Fri, Nov 30, 2007	08:07:39 PM	wire	analog	9	F	30 msec	m3 mirror	analog	9	F	300 msec	script		1200	40.7	0.1	Co	empty	2	50	stage1	2.2800	nm	1.7500	deg	0.0000	deg	0.0000	deg	12.7115	deg	-41.5040	mm	0.0213	mm	-0.0041	mm
2005b0002	1.00	grat000092.dat	direct	Fri, Nov 30, 2007	08:09:51 PM	wire	analog	8	F	30 msec	m3 mirror	analog	9	F	300 msec	1 axis		1200	41.2	0.3	Cu	empty	2	50	stage1	1.6502	nm	0.0000	deg	0.0000	deg	0.0000	deg	0.0000	deg	-41.5040	mm	0.0122	mm	-8.0043	mm
2005b0002	1.00	grat000093.dat	Grating 6 m = 1  752-932eV	Fri, Nov 30, 2007	08:12:54 PM	wire	analog	9	F	30 msec	m3 mirror	analog	9	F	300 msec	script		1200	41.5	0.5	Cu	empty	2	50	stage1	1.6501	nm	1.7500	deg	0.0000	deg	0.0000	deg	7.3345	deg	-41.5040	mm	0.0198	mm	-0.0027	mm
2005b0002	1.00	grat000094.dat	Grating 6 m = 3  752-932eV	Fri, Nov 30, 2007	08:15:17 PM	wire	analog	9	F	30 msec	m3 mirror	analog	9	F	300 msec	script		1200	40.7	0.1	Cu	empty	2	50	stage1	1.6500	nm	1.7500	deg	0.0000	deg	0.0000	deg	11.1155	deg	-41.5040	mm	0.0213	mm	-0.0024	mm
2005b0002	1.00	grat000095.dat	direct	Fri, Nov 30, 2007	08:19:06 PM	wire	analog	8	F	30 msec	m3 mirror	analog	9	F	300 msec	1 axis		1200	41.2	0.3	empty	Mg	2	50	stage1	1.3802	nm	0.0000	deg	0.0000	deg	0.0000	deg	0.0000	deg	-41.5040	mm	0.0167	mm	-8.0060	mm
2005b0002	1.00	grat000096.dat	Grating 6 m = 1  900-1300eV	Fri, Nov 30, 2007	08:20:40 PM	wire	analog	9	F	30 msec	m3 mirror	analog	9	F	300 msec	script		1200	40.7	0.1	empty	Mg	2	50	stage1	1.0140	nm	1.7500	deg	0.0000	deg	0.0000	deg	6.2635	deg	-41.5040	mm	0.0198	mm	-8.0064	mm
2005b0002	1.00	grat000096.dat	Grating 6 m = 1  900-1300eV	Fri, Nov 30, 2007	08:24:14 PM	wire	analog	9	F	30 msec	m3 mirror	analog	9	F	300 msec	script		1200	41.4	0.5	empty	Mg	2	50	stage1	1.3800	nm	1.7500	deg	0.0000	deg	0.0000	deg	6.9115	deg	-41.5040	mm	0.0152	mm	-0.0031	mm
2005b0002	1.00	grat000097.dat	Grating 6 m = 3  900-1300eV	Fri, Nov 30, 2007	08:27:23 PM	wire	analog	9	F	30 msec	m3 mirror	analog	9	F	300 msec	script		1200	40.8	0.2	empty	Mg	2	50	stage1	1.3800	nm	1.7500	deg	0.0000	deg	0.0000	deg	10.3425	deg	-41.5040	mm	0.0152	mm	-0.0034	mm
2005b0002	1.00	grat000098.dat	ti edge	Fri, Nov 30, 2007	08:40:34 PM	wire	analog	8	F	30 msec	m3 mirror	analog	9	F	300 msec	1 axis		600	40.7	0.1	Ti	empty	2	50	stage1	2.7602	nm	0.0000	deg	0.0000	deg	0.0000	deg	0.0000	deg	-41.5040	mm	-0.0000	mm	-8.0036	mm
2005b0002	1.00	grat000099.dat	direct	Fri, Nov 30, 2007	08:41:37 PM	wire	analog	8	F	30 msec	m3 mirror	analog	9	F	300 msec	1 axis		600	41.2	0.4	Ti	empty	2	50	stage1	4.4403	nm	0.0000	deg	0.0000	deg	0.0000	deg	0.0000	deg	-41.5040	mm	-0.0046	mm	-8.0050	mm
2005b0002	1.00	grat000100.dat	Grating 6 m = 1  260-454eV	Fri, Nov 30, 2007	08:46:12 PM	wire	analog	9	F	30 msec	m3 mirror	analog	9	F	300 msec	script		600	40.6	0.3	Ti	empty	2	50	stage1	4.7699	nm	1.7500	deg	0.0000	deg	0.0000	deg	10.9505	deg	-41.5040	mm	0.0319	mm	-0.0034	mm
2005b0002	1.00	grat000101.dat	Grating 6 m = 3  260-454eV	Fri, Nov 30, 2007	08:49:42 PM	wire	analog	9	F	30 msec	m3 mirror	analog	9	F	300 msec	script		600	40.7	0.1	Ti	empty	2	50	stage1	4.7701	nm	1.7500	deg	0.0000	deg	0.0000	deg	17.5310	deg	-41.5040	mm	0.0259	mm	-0.0038	mm
2005b0002	1.00	grat000102.dat	Grating 5 m = 1  260-454eV	Fri, Nov 30, 2007	08:56:58 PM	wire	analog	9	F	30 msec	m3 mirror	analog	9	F	300 msec	script		600	41.1	0.3	Ti	empty	2	50	stage1	4.7700	nm	2.0000	deg	0.0000	deg	0.0000	deg	9.7335	deg	-0.0050	mm	0.0243	mm	-0.0024	mm
2005b0002	1.00	grat000103.dat	Grating 5 m = 1  260-454eV	Fri, Nov 30, 2007	09:01:35 PM	wire	analog	9	F	30 msec	m3 mirror	analog	9	F	300 msec	script		600	40.6	0.1	Ti	empty	2	50	stage1	4.7701	nm	2.0000	deg	0.0000	deg	0.0000	deg	15.1170	deg	-0.0050	mm	0.0304	mm	-0.0021	mm
2005b0002	1.00	grat000104.dat	Grating 5 m = 1  260-454eV	Fri, Nov 30, 2007	09:14:17 PM	wire	analog	9	F	30 msec	m3 mirror	analog	9	F	300 msec	script		600	40.9	0.2	Ti	empty	2	50	stage1	4.7700	nm	2.0000	deg	0.0000	deg	0.0000	deg	9.7335	deg	0.0020	mm	0.0106	mm	0.0038	mm
2005b0002	1.00	grat000105.dat	Grating 5 m = 3  260-454eV	Fri, Nov 30, 2007	09:17:48 PM	wire	analog	9	F	30 msec	m3 mirror	analog	9	F	300 msec	script		600	41.4	0.5	Ti	empty	2	50	stage1	4.7700	nm	2.0000	deg	0.0000	deg	0.0000	deg	15.1165	deg	0.0020	mm	0.0228	mm	0.0038	mm
2005b0002	1.00	grat000106.dat	direct	Fri, Nov 30, 2007	09:22:54 PM	wire	analog	8	F	30 msec	m3 mirror	analog	9	F	300 msec	1 axis		600	40.9	0.2	Ti	empty	2	50	stage1	4.7704	nm	0.0000	deg	0.0000	deg	0.0000	deg	0.0000	deg	0.0030	mm	0.0152	mm	-8.0019	mm
2005b0002	1.00	grat000107.dat	cr edge (photodiode)	Sun, Dec 02, 2007	12:39:30 PM	photodiode	analog	7	F	30 msec	m3 mirror	analog	9	F	30 msec	1 axis		1200	41.0	0.3	Cr	empty	1	50	stage1	2.2001	nm	0.0000	deg	0.0000	deg	0.0000	deg	0.0000	deg	-41.5030	mm	-0.0030	mm	-10.0073	mm
2005b0002	1.00	grat000108.dat	cr edge (photodiode)	Sun, Dec 02, 2007	12:40:02 PM	photodiode	analog	7	F	30 msec	m3 mirror	analog	9	F	30 msec	1 axis		1200	41.1	0.3	Cr	empty	1	50	stage1	2.2001	nm	0.0000	deg	0.0000	deg	0.0000	deg	0.0000	deg	-41.5030	mm	-0.0046	mm	-10.0070	mm
2005b0002	1.00	grat000109.dat	cr edge (photodiode)	Sun, Dec 02, 2007	12:40:31 PM	photodiode	analog	7	F	30 msec	m3 mirror	analog	9	F	30 msec	1 axis		1200	41.1	0.3	Cr	empty	1	50	stage1	2.2001	nm	0.0000	deg	0.0000	deg	0.0000	deg	0.0000	deg	-41.5030	mm	-0.0030	mm	-10.0070	mm
2005b0002	1.00	grat000110.dat	cr edge (wire)	Sun, Dec 02, 2007	12:41:33 PM	wire	analog	8	F	30 msec	m3 mirror	analog	9	F	30 msec	1 axis		1200	40.6	0.1	Cr	empty	1	50	stage1	2.2001	nm	0.0000	deg	0.0000	deg	0.0000	deg	0.0000	deg	-41.5030	mm	-0.0015	mm	-10.0049	mm
2005b0002	1.00	grat000111.dat	direct	Sun, Dec 02, 2007	12:49:33 PM	wire	analog	7	F	30 msec	m3 mirror	analog	9	F	30 msec	1 axis		1200	40.8	0.2	Cr	empty	1	50	stage1	2.8102	nm	0.0000	deg	0.0000	deg	0.0000	deg	0.0000	deg	-41.5030	mm	-0.0137	mm	-8.0053	mm
2005b0002	1.00	grat000112.dat	HEG 2.5nm det scan	Sun, Dec 02, 2007	12:52:06 PM	wire	analog	8	F	30 msec	m3 mirror	analog	9	F	30 msec	1 axis		1200	40.6	0.1	Cr	empty	1	50	stage1	2.5000	nm	2.0000	deg	0.0000	deg	0.0000	deg	16.0020	deg	-41.5030	mm	-0.0061	mm	-0.0021	mm
2005b0002	1.00	grat000113.dat	HEG m = 1 440-574eV	Sun, Dec 02, 2007	12:57:18 PM	wire	analog	9	F	30 msec	m3 mirror	analog	9	F	30 msec	script		1200	41.4	0.5	Cr	empty	1	50	stage1	2.8101	nm	2.0000	deg	0.0000	deg	0.0000	deg	8.3810	deg	-41.5030	mm	-0.0167	mm	-0.0034	mm
2005b0002	1.00	grat000114.dat	HEG m = 2 440-574eV	Sun, Dec 02, 2007	12:57:43 PM	wire	analog	9	F	30 msec	m3 mirror	analog	9	F	30 msec	script		1200	41.4	0.5	Cr	empty	1	50	stage1	2.3101	nm	2.0000	deg	0.0000	deg	0.0000	deg	10.0185	deg	-41.5030	mm	-0.0122	mm	-0.0024	mm
2005b0002	1.00	grat000115.dat	HEG m = 2 440-574eV	Sun, Dec 02, 2007	01:00:23 PM	wire	analog	10	F	300 msec	m3 mirror	analog	9	F	30 msec	script		1200	40.7	0.1	Cr	empty	5	50	stage1	2.8100	nm	2.0000	deg	0.0000	deg	0.0000	deg	10.7945	deg	-41.5030	mm	-0.0015	mm	-0.0021	mm
2005b0002	1.00	grat000116.dat	dark gain 10	Sun, Dec 02, 2007	01:01:11 PM	wire	analog	10	F	300 msec	m3 mirror	analog	9	F	30 msec	1 axis		1200	40.8	0.2	Cr	phosphor	5	50	stage1	2.8100	nm	2.0000	deg	0.0000	deg	0.0000	deg	11.0060	deg	-41.5030	mm	-0.0091	mm	-0.0024	mm
2005b0002	1.00	grat000117.dat	direct	Sun, Dec 02, 2007	01:11:59 PM	wire	analog	8	F	300 msec	m3 mirror	analog	9	F	30 msec	1 axis		1200	41.0	0.2	Co	empty	5	50	stage1	2.2801	nm	0.0000	deg	0.0000	deg	0.0000	deg	0.0000	deg	-41.5030	mm	-0.0122	mm	-0.0014	mm
2005b0002	1.00	grat000118.dat	direct	Sun, Dec 02, 2007	01:12:56 PM	wire	analog	8	F	300 msec	m3 mirror	analog	9	F	30 msec	1 axis		1200	41.2	0.4	Co	empty	5	50	stage1	2.2801	nm	0.0000	deg	0.0000	deg	0.0000	deg	0.0000	deg	-41.5030	mm	-0.0015	mm	-8.0067	mm
2005b0002	1.00	grat000119.dat	HEG m = 1 560-776eV	Sun, Dec 02, 2007	01:18:51 PM	wire	analog	9	F	300 msec	m3 mirror	analog	9	F	30 msec	script		1200	40.8	0.2	Co	empty	5	50	stage1	2.2800	nm	2.0000	deg	0.0000	deg	0.0000	deg	7.8055	deg	-41.5030	mm	-0.0106	mm	0.0010	mm
2005b0002	1.00	grat000120.dat	HEG m = 2 560-776eV	Sun, Dec 02, 2007	01:23:17 PM	wire	analog	10	F	300 msec	m3 mirror	analog	9	F	30 msec	script		1200	40.7	0.2	Co	empty	5	50	stage1	2.2801	nm	2.0000	deg	0.0000	deg	0.0000	deg	9.9690	deg	-41.5030	mm	-0.0122	mm	-0.0010	mm
2005b0002	1.00	grat000121.dat	direct	Sun, Dec 02, 2007	01:26:45 PM	wire	analog	8	F	30 msec	m3 mirror	analog	9	F	30 msec	1 axis		1200	40.8	0.2	Cu	empty	2	50	stage1	1.6502	nm	0.0000	deg	0.0000	deg	0.0000	deg	0.0000	deg	-41.5030	mm	0.0015	mm	-8.0053	mm
2005b0002	1.00	grat000122.dat	HEG m = 1 	Sun, Dec 02, 2007	01:31:10 PM	wire	analog	9	F	30 msec	m3 mirror	analog	9	F	30 msec	script		1200	41.4	0.5	Cu	empty	2	50	stage1	1.6501	nm	2.0000	deg	0.0000	deg	0.0000	deg	7.0495	deg	-41.5030	mm	-0.0061	mm	-0.0014	mm
2005b0002	1.00	grat000123.dat	HEG m = 2	Sun, Dec 02, 2007	01:34:01 PM	wire	analog	10	F	300 msec	m3 mirror	analog	9	F	30 msec	script		1200	40.7	0.1	Cu	empty	5	50	stage1	1.6501	nm	2.0000	deg	0.0000	deg	0.0000	deg	8.8575	deg	-41.5030	mm	-0.0061	mm	-0.0014	mm
2005b0002	1.00	grat000124.dat	direct	Sun, Dec 02, 2007	01:37:24 PM	wire	analog	8	F	30 msec	m3 mirror	analog	9	F	30 msec	1 axis		1200	41.1	0.3	empty	Mg	2	50	stage1	1.3802	nm	0.0000	deg	0.0000	deg	0.0000	deg	0.0000	deg	-41.5030	mm	-0.0000	mm	-8.0067	mm
2005b0002	1.00	grat000125.dat	HEG m = 1	Sun, Dec 02, 2007	01:43:00 PM	wire	analog	9	F	30 msec	m3 mirror	analog	9	F	30 msec	script		1200	40.8	0.2	empty	Mg	2	50	stage1	1.3800	nm	2.0000	deg	0.0000	deg	0.0000	deg	6.6885	deg	-41.5030	mm	-0.0091	mm	-0.0010	mm
2005b0002	1.00	grat000126.dat	HEG m = 2	Sun, Dec 02, 2007	01:50:48 PM	wire	analog	10	F	300 msec	m3 mirror	analog	9	F	30 msec	script		1200	41.4	0.5	empty	Mg	5	50	stage1	1.3801	nm	2.0000	deg	0.0000	deg	0.0000	deg	8.3255	deg	-41.5030	mm	-0.0000	mm	-0.0007	mm
2005b0002	1.00	grat000127.dat	direct	Sun, Dec 02, 2007	01:59:35 PM	wire	analog	8	F	30 msec	m3 mirror	analog	9	F	30 msec	1 axis		1200	40.5	0.0	Cr	empty	2	50	stage1	2.8102	nm	0.0000	deg	0.0000	deg	0.0000	deg	0.0000	deg	0.0010	mm	-0.0015	mm	-8.0053	mm
2005b0002	1.00	grat000128.dat	MEG m = 1	Sun, Dec 02, 2007	02:01:53 PM	wire	analog	9	F	30 msec	m3 mirror	analog	9	F	30 msec	script		1200	41.3	0.5	Cr	empty	2	50	stage1	2.3561	nm	2.0000	deg	0.0000	deg	0.0000	deg	6.7330	deg	0.0010	mm	-0.0030	mm	-0.0041	mm
2005b0002	1.00	grat000128.dat	MEG m = 1	Sun, Dec 02, 2007	02:05:44 PM	wire	analog	8	F	30 msec	m3 mirror	analog	9	F	30 msec	script		1200	41.4	0.5	Cr	empty	2	50	stage1	2.8100	nm	2.0000	deg	0.0000	deg	0.0000	deg	7.0920	deg	0.0010	mm	0.0030	mm	-0.0034	mm
2005b0002	1.00	grat000129.dat	MEG m = 2	Sun, Dec 02, 2007	02:08:35 PM	wire	analog	9	F	30 msec	m3 mirror	analog	9	F	30 msec	script		1200	41.2	0.4	Cr	empty	2	50	stage1	2.8100	nm	2.0000	deg	0.0000	deg	0.0000	deg	8.9180	deg	0.0010	mm	-0.0046	mm	-0.0038	mm
2005b0002	1.00	grat000130.dat	direct	Sun, Dec 02, 2007	02:11:25 PM	wire	analog	8	F	30 msec	m3 mirror	analog	9	F	30 msec	1 axis		1200	40.5	0.7	Co	empty	2	50	stage1	2.2802	nm	0.0000	deg	0.0000	deg	0.0000	deg	0.0000	deg	0.0010	mm	-0.0061	mm	-8.0050	mm
2005b0002	1.00	grat000131.dat	MEG m =1 560-776eV	Sun, Dec 02, 2007	02:16:12 PM	wire	analog	9	F	30 msec	m3 mirror	analog	9	F	30 msec	script		1200	41.1	0.4	Co	empty	2	50	stage1	2.2801	nm	2.0000	deg	0.0000	deg	0.0000	deg	6.6715	deg	0.0010	mm	0.0061	mm	-0.0014	mm
2005b0002	1.00	grat000132.dat	MEG m =2 560-776eV	Sun, Dec 02, 2007	02:20:27 PM	wire	analog	9	F	30 msec	m3 mirror	analog	9	F	30 msec	script		1200	41.4	0.5	Co	empty	2	50	stage1	2.2801	nm	2.0000	deg	0.0000	deg	0.0000	deg	8.2900	deg	0.0010	mm	0.0030	mm	-0.0017	mm
2005b0002	1.00	grat000133.dat	direct	Sun, Dec 02, 2007	02:22:46 PM	wire	analog	8	F	30 msec	m3 mirror	analog	9	F	30 msec	1 axis		1200	40.9	0.2	Cu	empty	2	50	stage1	1.6502	nm	0.0000	deg	0.0000	deg	0.0000	deg	0.0000	deg	0.0010	mm	-0.0167	mm	-8.0064	mm
2005b0002	1.00	grat000134.dat	MEG m =1  750-932eV	Sun, Dec 02, 2007	02:25:53 PM	wire	analog	9	F	30 msec	m3 mirror	analog	9	F	30 msec	script		1200	40.8	0.4	Cu	empty	2	50	stage1	1.6501	nm	2.0000	deg	0.0000	deg	0.0000	deg	6.1060	deg	0.0020	mm	0.0015	mm	-0.0017	mm
2005b0002	1.00	grat000135.dat	MEG m =2  750-932eV	Sun, Dec 02, 2007	02:29:40 PM	wire	analog	9	F	30 msec	m3 mirror	analog	9	F	30 msec	script		1200	41.0	0.3	Cu	empty	2	50	stage1	1.6501	nm	2.0000	deg	0.0000	deg	0.0000	deg	7.4510	deg	0.0020	mm	0.0061	mm	-0.0014	mm
2005b0002	1.00	grat000136.dat	ti edge si-diode	Sun, Dec 02, 2007	02:37:09 PM	photodiode	analog	9	F	30 msec	m3 mirror	analog	9	F	30 msec	1 axis		600	40.7	0.1	Ti	empty	2	50	stage1	2.7601	nm	0.0000	deg	0.0000	deg	0.0000	deg	0.0000	deg	0.0010	mm	-0.0015	mm	-8.0040	mm
2005b0002	1.00	grat000137.dat	ti edge si-diode	Sun, Dec 02, 2007	02:38:05 PM	photodiode	analog	9	F	30 msec	m3 mirror	analog	9	F	30 msec	1 axis		600	40.6	0.1	Ti	empty	2	50	stage1	2.7601	nm	0.0000	deg	0.0000	deg	0.0000	deg	0.0000	deg	0.0010	mm	-0.0015	mm	-8.0046	mm
2005b0002	1.00	grat000138.dat	ti edge si-diode	Sun, Dec 02, 2007	02:38:41 PM	photodiode	analog	9	F	30 msec	m3 mirror	analog	9	F	30 msec	1 axis		600	40.0	-0.2	Ti	empty	2	50	stage1	2.7601	nm	0.0000	deg	0.0000	deg	0.0000	deg	0.0000	deg	0.0010	mm	-0.0030	mm	-8.0050	mm
2005b0002	1.00	grat000139.dat	ti edge si-diode	Sun, Dec 02, 2007	02:39:38 PM	photodiode	analog	9	F	30 msec	m3 mirror	analog	9	F	30 msec	1 axis		600	40.6	0.1	Ti	empty	2	50	stage1	2.7602	nm	0.0000	deg	0.0000	deg	0.0000	deg	0.0000	deg	0.0010	mm	-0.0046	mm	-8.0050	mm
2005b0002	1.00	grat000140.dat	ti edge GaAs-diode	Sun, Dec 02, 2007	02:40:33 PM	wire	analog	9	F	30 msec	m3 mirror	analog	9	F	30 msec	1 axis		600	40.6	0.1	Ti	empty	2	50	stage1	2.7601	nm	0.0000	deg	0.0000	deg	0.0000	deg	0.0000	deg	0.0010	mm	-0.0015	mm	-8.0046	mm
2005b0002	1.00	grat000141.dat	direct	Sun, Dec 02, 2007	02:42:07 PM	wire	analog	8	F	30 msec	m3 mirror	analog	9	F	30 msec	1 axis		600	40.6	0.1	Ti	empty	2	50	stage1	4.7622	nm	0.0000	deg	0.0000	deg	0.0000	deg	0.0000	deg	0.0010	mm	-0.0015	mm	-8.0046	mm
2005b0002	1.00	grat000142.dat	MEG m = 1 260-454eV	Sun, Dec 02, 2007	02:43:02 PM	wire	analog	9	F	30 msec	m3 mirror	analog	9	F	30 msec	script		600	40.7	0.1	Ti	empty	2	50	stage1	2.8610	nm	2.0000	deg	0.0000	deg	0.0000	deg	7.1280	deg	0.0010	mm	-0.0015	mm	-8.0029	mm
2005b0002	1.00	grat000142.dat	MEG m = 1 260-454eV	Sun, Dec 02, 2007	02:47:19 PM	wire	analog	9	F	30 msec	m3 mirror	analog	9	F	30 msec	script		600	41.4	0.5	Ti	empty	2	50	stage1	4.7700	nm	2.0000	deg	0.0000	deg	0.0000	deg	8.4220	deg	0.0010	mm	-0.0030	mm	-0.0045	mm
2005b0002	1.00	grat000143.dat	MEG m = 2 260-454eV	Sun, Dec 02, 2007	02:51:40 PM	wire	analog	9	F	30 msec	m3 mirror	analog	9	F	30 msec	script		600	41.4	0.5	Ti	empty	2	50	stage1	4.7701	nm	2.0000	deg	0.0000	deg	0.0000	deg	10.8615	deg	0.0010	mm	-0.0046	mm	-0.0041	mm
2005b0002	1.00	grat000144.dat	direct	Sun, Dec 02, 2007	03:00:59 PM	wire	analog	8	F	30 msec	m3 mirror	analog	9	F	30 msec	1 axis		600	41.2	0.4	C	empty	2	50	stage1	6.8006	nm	0.0000	deg	0.0000	deg	0.0000	deg	0.0000	deg	0.0010	mm	-0.0198	mm	-8.0036	mm
2005b0002	1.00	grat000145.dat	MEG m =1 181-283eV	Sun, Dec 02, 2007	03:03:20 PM	wire	analog	9	F	30 msec	m3 mirror	analog	9	F	30 msec	script		600	41.2	0.4	C	empty	2	50	stage1	6.8001	nm	2.0000	deg	0.0000	deg	0.0000	deg	9.5595	deg	0.0010	mm	0.0091	mm	-0.0031	mm
2005b0002	1.00	grat000146.dat	MEG m =2 181-283eV	Sun, Dec 02, 2007	03:05:18 PM	wire	analog	9	F	30 msec	m3 mirror	analog	9	F	30 msec	script		600	40.8	0.2	C	empty	2	50	stage1	6.8002	nm	2.0000	deg	0.0000	deg	0.0000	deg	12.5085	deg	0.0010	mm	-0.0061	mm	-0.0024	mm
2005b0002	1.00	grat000147.dat	direct	Sun, Dec 02, 2007	03:10:30 PM	wire	analog	8	F	30 msec	m3 mirror	analog	9	F	30 msec	1 axis		600	41.2	0.4	Ti	empty	2	50	stage1	4.7622	nm	0.0000	deg	0.0000	deg	0.0000	deg	0.0000	deg	-41.5030	mm	-0.0046	mm	-8.0060	mm
2005b0002	1.00	grat000148.dat	HEG m =1 260-454eV	Sun, Dec 02, 2007	03:14:57 PM	wire	analog	9	F	30 msec	m3 mirror	analog	9	F	30 msec	script		600	41.4	0.5	Ti	empty	2	50	stage1	4.7700	nm	2.0000	deg	0.0000	deg	0.0000	deg	10.1385	deg	-41.5030	mm	-0.0061	mm	-0.0024	mm
2005b0002	1.00	grat000149.dat	direct	Sun, Dec 02, 2007	03:19:21 PM	wire	analog	8	F	30 msec	m3 mirror	analog	9	F	30 msec	1 axis		600	41.2	0.4	B	empty	2	50	stage1	8.8009	nm	0.0000	deg	0.0000	deg	0.0000	deg	0.0000	deg	0.0010	mm	0.0015	mm	-8.0050	mm
2005b0002	1.00	grat000150.dat	MEG m = 1 141-187eV	Sun, Dec 02, 2007	03:21:14 PM	wire	analog	9	F	30 msec	m3 mirror	analog	9	F	30 msec	script		600	41.2	0.4	B	empty	2	50	stage1	8.8002	nm	2.0000	deg	0.0000	deg	0.0000	deg	10.5315	deg	0.0010	mm	-0.0091	mm	-0.0034	mm
2005b0002	1.00	grat000151.dat	si edge	Sun, Dec 02, 2007	04:29:49 PM	wire	analog	7	F	30 msec	m3 mirror	analog	9	F	30 msec	1 axis		200	40.6	0.1	Si	empty	2	50	stage1	12.4782	nm	0.0000	deg	0.0000	deg	0.0000	deg	0.0000	deg	-41.5000	mm	0.0152	mm	-8.0050	mm
2005b0002	1.00	grat000152.dat	si edge	Sun, Dec 02, 2007	04:30:21 PM	wire	analog	7	F	30 msec	m3 mirror	analog	9	F	30 msec	1 axis		200	40.5	0.1	Si	empty	2	50	stage1	12.4782	nm	0.0000	deg	0.0000	deg	0.0000	deg	0.0000	deg	-41.5000	mm	0.0122	mm	-8.0053	mm
2005b0002	1.00	grat000153.dat	direct	Sun, Dec 02, 2007	04:31:30 PM	wire	analog	8	F	30 msec	m3 mirror	analog	9	F	30 msec	1 axis		200	40.7	0.1	Si	empty	2	50	stage1	20.0015	nm	0.0000	deg	0.0000	deg	0.0000	deg	0.0000	deg	-41.5000	mm	0.0061	mm	-8.0057	mm
2005b0002	1.00	grat000154.dat	LEG det scan	Sun, Dec 02, 2007	04:32:43 PM	wire	analog	8	F	30 msec	m3 mirror	analog	9	F	30 msec	1 axis		200	40.6	0.1	Si	empty	2	50	stage1	14.8999	nm	4.0000	deg	0.0000	deg	0.0000	deg	16.0020	deg	-41.5000	mm	-0.0061	mm	-0.0010	mm
2005b0002	1.00	grat000155.dat	LEG m = 1 66-100eV	Sun, Dec 02, 2007	04:34:10 PM	wire	analog	8	F	30 msec	m3 mirror	analog	9	F	30 msec	script		200	40.3	0.2	Si	empty	2	50	stage1	20.0006	nm	4.0000	deg	0.0000	deg	0.0000	deg	13.7005	deg	-41.5000	mm	-0.0106	mm	-0.0007	mm
2005b0002	1.00	grat000156.dat	LEG m = 1 66-100eV	Sun, Dec 02, 2007	04:35:17 PM	wire	analog	8	F	30 msec	m3 mirror	analog	9	F	30 msec	script		200	40.5	0.1	Si	empty	2	50	stage1	20.0007	nm	4.0000	deg	0.0000	deg	0.0000	deg	17.1330	deg	-41.5000	mm	-0.0076	mm	-0.0010	mm
2005b0002	1.00	grat000157.dat	direct	Sun, Dec 02, 2007	04:36:50 PM	wire	analog	8	F	30 msec	m3 mirror	analog	9	F	30 msec	1 axis		200	41.0	0.3	B	empty	2	50	stage1	11.6018	nm	0.0000	deg	0.0000	deg	0.0000	deg	0.0000	deg	-41.5000	mm	-0.0046	mm	-8.0057	mm
2005b0002	1.00	grat000158.dat	direct	Sun, Dec 02, 2007	04:38:52 PM	wire	analog	8	F	30 msec	m3 mirror	analog	9	F	30 msec	script		200	40.5	0.1	B	empty	2	50	stage1	11.6005	nm	4.0000	deg	0.0000	deg	0.0000	deg	11.8265	deg	-41.5000	mm	0.0015	mm	-0.0014	mm
2005b0002	1.00	grat000159.dat	LEG m=2 107-147eV	Sun, Dec 02, 2007	04:40:34 PM	wire	analog	8	F	30 msec	m3 mirror	analog	9	F	30 msec	script		200	40.5	0.1	B	empty	2	50	stage1	11.6003	nm	4.0000	deg	0.0000	deg	0.0000	deg	14.3270	deg	-41.5000	mm	-0.0000	mm	-0.0021	mm
2005b0002	1.00	grat000160.dat	direct	Sun, Dec 02, 2007	04:47:44 PM	wire	analog	8	F	30 msec	m3 mirror	analog	9	F	30 msec	1 axis		1200	40.7	0.1	Cr	empty	2	50	stage1	2.8102	nm	0.0000	deg	0.0000	deg	0.0000	deg	0.0000	deg	-0.0060	mm	0.0030	mm	-8.0057	mm
